[debug] [2026-03-30T19:15:16.407Z] ----------------------------------------------------------------------
[debug] [2026-03-30T19:15:16.410Z] Command:       /home/sadrikov49/.nvm/versions/node/v22.22.1/bin/node /home/sadrikov49/.nvm/versions/node/v22.22.1/bin/firebase deploy --only hosting
[debug] [2026-03-30T19:15:16.411Z] CLI Version:   15.12.0
[debug] [2026-03-30T19:15:16.411Z] Platform:      linux
[debug] [2026-03-30T19:15:16.411Z] Node Version:  v22.22.1
[debug] [2026-03-30T19:15:16.412Z] Time:          Tue Mar 31 2026 00:15:16 GMT+0500 (Uzbekistan Standard Time)
[debug] [2026-03-30T19:15:16.412Z] ----------------------------------------------------------------------
[debug] 
[debug] [2026-03-30T19:15:17.145Z] > command requires scopes: ["email","openid","https://www.googleapis.com/auth/cloudplatformprojects.readonly","https://www.googleapis.com/auth/firebase","https://www.googleapis.com/auth/cloud-platform"]
[debug] [2026-03-30T19:15:17.146Z] > authorizing via signed-in user (sadrikov49@gmail.com)
[debug] [2026-03-30T19:15:17.146Z] [iam] checking project daemonclient-c0625 for permissions ["firebase.projects.get","firebasehosting.sites.update"]
[debug] [2026-03-30T19:15:17.146Z] Checked if tokens are valid: true, expires at: 1774901284898
[debug] [2026-03-30T19:15:17.146Z] Checked if tokens are valid: true, expires at: 1774901284898
[debug] [2026-03-30T19:15:17.147Z] >>> [apiv2][query] POST https://cloudresourcemanager.googleapis.com/v1/projects/daemonclient-c0625:testIamPermissions [none]
[debug] [2026-03-30T19:15:17.147Z] >>> [apiv2][(partial)header] POST https://cloudresourcemanager.googleapis.com/v1/projects/daemonclient-c0625:testIamPermissions  x-goog-user-project=daemonclient-c0625
[debug] [2026-03-30T19:15:17.147Z] >>> [apiv2][body] POST https://cloudresourcemanager.googleapis.com/v1/projects/daemonclient-c0625:testIamPermissions {"permissions":["firebase.projects.get","firebasehosting.sites.update"]}
[debug] [2026-03-30T19:15:18.224Z] <<< [apiv2][status] POST https://cloudresourcemanager.googleapis.com/v1/projects/daemonclient-c0625:testIamPermissions 200
[debug] [2026-03-30T19:15:18.225Z] <<< [apiv2][body] POST https://cloudresourcemanager.googleapis.com/v1/projects/daemonclient-c0625:testIamPermissions {"permissions":["firebase.projects.get","firebasehosting.sites.update"]}
[debug] [2026-03-30T19:15:18.226Z] Checked if tokens are valid: true, expires at: 1774901284898
[debug] [2026-03-30T19:15:18.226Z] Checked if tokens are valid: true, expires at: 1774901284898
[debug] [2026-03-30T19:15:18.226Z] >>> [apiv2][query] GET https://firebase.googleapis.com/v1beta1/projects/daemonclient-c0625 [none]
[debug] [2026-03-30T19:15:18.765Z] <<< [apiv2][status] GET https://firebase.googleapis.com/v1beta1/projects/daemonclient-c0625 200
[debug] [2026-03-30T19:15:18.765Z] <<< [apiv2][body] GET https://firebase.googleapis.com/v1beta1/projects/daemonclient-c0625 {"projectId":"daemonclient-c0625","projectNumber":"424457448611","displayName":"DaemonClient","name":"projects/daemonclient-c0625","resources":{"hostingSite":"daemonclient-c0625","realtimeDatabaseInstance":"daemonclient-c0625-default-rtdb"},"state":"ACTIVE","etag":"1_3a783d86-6dc4-4783-a604-cf8a3ca6cd55"}
[info] 
[info] === Deploying to 'daemonclient-c0625'...
[info] 
[info] i  deploying hosting 
[debug] [2026-03-30T19:15:18.768Z] Checked if tokens are valid: true, expires at: 1774901284898
[debug] [2026-03-30T19:15:18.768Z] Checked if tokens are valid: true, expires at: 1774901284898
[debug] [2026-03-30T19:15:18.769Z] Checked if tokens are valid: true, expires at: 1774901284898
[debug] [2026-03-30T19:15:18.769Z] Checked if tokens are valid: true, expires at: 1774901284898
[debug] [2026-03-30T19:15:18.769Z] >>> [apiv2][query] POST https://firebasehosting.googleapis.com/v1beta1/projects/-/sites/daemonclient-c0625/versions [none]
[debug] [2026-03-30T19:15:18.769Z] >>> [apiv2][body] POST https://firebasehosting.googleapis.com/v1beta1/projects/-/sites/daemonclient-c0625/versions {"status":"CREATED","labels":{"deployment-tool":"cli-firebase"}}
[debug] [2026-03-30T19:15:18.770Z] >>> [apiv2][query] POST https://firebasehosting.googleapis.com/v1beta1/projects/-/sites/daemonclient-app/versions [none]
[debug] [2026-03-30T19:15:18.770Z] >>> [apiv2][body] POST https://firebasehosting.googleapis.com/v1beta1/projects/-/sites/daemonclient-app/versions {"status":"CREATED","labels":{"deployment-tool":"cli-firebase"}}
[debug] [2026-03-30T19:15:20.570Z] <<< [apiv2][status] POST https://firebasehosting.googleapis.com/v1beta1/projects/-/sites/daemonclient-app/versions 200
[debug] [2026-03-30T19:15:20.571Z] <<< [apiv2][body] POST https://firebasehosting.googleapis.com/v1beta1/projects/-/sites/daemonclient-app/versions {"name":"projects/424457448611/sites/daemonclient-app/versions/7e1fae844122ef7c","status":"CREATED","config":{},"labels":{"deployment-tool":"cli-firebase"}}
[debug] [2026-03-30T19:15:20.643Z] <<< [apiv2][status] POST https://firebasehosting.googleapis.com/v1beta1/projects/-/sites/daemonclient-c0625/versions 200
[debug] [2026-03-30T19:15:20.643Z] <<< [apiv2][body] POST https://firebasehosting.googleapis.com/v1beta1/projects/-/sites/daemonclient-c0625/versions {"name":"projects/424457448611/sites/daemonclient-c0625/versions/9f46222d98e5e4ae","status":"CREATED","config":{},"labels":{"deployment-tool":"cli-firebase"}}
[info] i  hosting[daemonclient-c0625]: beginning deploy... 
[info] i  hosting[daemonclient-c0625]: found 9 files in frontend/dist 
[debug] [2026-03-30T19:15:20.661Z] [hosting] uploading with 200 concurrency
[debug] [2026-03-30T19:15:20.707Z] Checked if tokens are valid: true, expires at: 1774901284898
[debug] [2026-03-30T19:15:20.707Z] Checked if tokens are valid: true, expires at: 1774901284898
[debug] [2026-03-30T19:15:20.707Z] [hosting] hash cache [ZnJvbnRlbmQvZGlzdA] stored for 9 files
[debug] [2026-03-30T19:15:20.707Z] [hosting][hash queue][FINAL] {"max":42,"min":3,"avg":9,"active":0,"complete":9,"success":9,"errored":0,"retried":0,"total":9,"elapsed":45}
[debug] [2026-03-30T19:15:20.708Z] >>> [apiv2][query] POST https://firebasehosting.googleapis.com/v1beta1/projects/424457448611/sites/daemonclient-c0625/versions/9f46222d98e5e4ae:populateFiles [none]
[debug] [2026-03-30T19:15:20.708Z] >>> [apiv2][body] POST https://firebasehosting.googleapis.com/v1beta1/projects/424457448611/sites/daemonclient-c0625/versions/9f46222d98e5e4ae:populateFiles {"files":{"/sitemap.xml":"ef6af1982f19c2b1b458097232906c67090c1d11378a59b19cf5b8096a9d318d","/robots.txt":"a4a762a5f5a334a2bd077c5369a5fb3cc3b902b8444f36363d52fd245a45c649","/sw.js":"19e4f4cd514d96dca9d39e7e9b3d9318db59e7f2672a00141cfae266881fc7ac","/index.html":"4a44651d2d867a21c2f283d9060413b3430c946841c078f6437682a8d6a7d254","/assets/index-CUuO6gw6.css":"853d4695484b72b56f1ddbc0010530f98ef610c591ce9c34dfa2d27e328836fd","/og-image.png":"433d296ef4160cb39efa7d5695a6e4d8b908282f2acfda4d21990caecc1e4feb","/logo.png":"9294f0895b099752c3dd4c29b485e77dd1572d200252b418f61035f0cee3afc6","/favicon.ico":"9294f0895b099752c3dd4c29b485e77dd1572d200252b418f61035f0cee3afc6","/assets/index-5Hu47N8Y.js":"d1e64ae164d2768e59244bfebcf39f452906981d74f81ce49474b7d9fe242ed4"}}
[debug] [2026-03-30T19:15:21.665Z] <<< [apiv2][status] POST https://firebasehosting.googleapis.com/v1beta1/projects/424457448611/sites/daemonclient-c0625/versions/9f46222d98e5e4ae:populateFiles 200
[debug] [2026-03-30T19:15:21.665Z] <<< [apiv2][body] POST https://firebasehosting.googleapis.com/v1beta1/projects/424457448611/sites/daemonclient-c0625/versions/9f46222d98e5e4ae:populateFiles {"uploadRequiredHashes":["4a44651d2d867a21c2f283d9060413b3430c946841c078f6437682a8d6a7d254","d1e64ae164d2768e59244bfebcf39f452906981d74f81ce49474b7d9fe242ed4","853d4695484b72b56f1ddbc0010530f98ef610c591ce9c34dfa2d27e328836fd"],"uploadUrl":"https://upload-firebasehosting.googleapis.com/upload/sites/daemonclient-c0625/versions/9f46222d98e5e4ae/files"}
[debug] [2026-03-30T19:15:21.667Z] Checked if tokens are valid: true, expires at: 1774901284898
[debug] [2026-03-30T19:15:21.667Z] Checked if tokens are valid: true, expires at: 1774901284898
[debug] [2026-03-30T19:15:21.668Z] Checked if tokens are valid: true, expires at: 1774901284898
[debug] [2026-03-30T19:15:21.668Z] Checked if tokens are valid: true, expires at: 1774901284898
[debug] [2026-03-30T19:15:21.668Z] Checked if tokens are valid: true, expires at: 1774901284898
[debug] [2026-03-30T19:15:21.668Z] Checked if tokens are valid: true, expires at: 1774901284898
[debug] [2026-03-30T19:15:21.669Z] >>> [apiv2][query] POST https://upload-firebasehosting.googleapis.com/upload/sites/daemonclient-c0625/versions/9f46222d98e5e4ae/files/4a44651d2d867a21c2f283d9060413b3430c946841c078f6437682a8d6a7d254 [none]
[debug] [2026-03-30T19:15:21.669Z] >>> [apiv2][body] POST https://upload-firebasehosting.googleapis.com/upload/sites/daemonclient-c0625/versions/9f46222d98e5e4ae/files/4a44651d2d867a21c2f283d9060413b3430c946841c078f6437682a8d6a7d254 [stream]
[debug] [2026-03-30T19:15:21.672Z] >>> [apiv2][query] POST https://upload-firebasehosting.googleapis.com/upload/sites/daemonclient-c0625/versions/9f46222d98e5e4ae/files/d1e64ae164d2768e59244bfebcf39f452906981d74f81ce49474b7d9fe242ed4 [none]
[debug] [2026-03-30T19:15:21.672Z] >>> [apiv2][body] POST https://upload-firebasehosting.googleapis.com/upload/sites/daemonclient-c0625/versions/9f46222d98e5e4ae/files/d1e64ae164d2768e59244bfebcf39f452906981d74f81ce49474b7d9fe242ed4 [stream]
[debug] [2026-03-30T19:15:21.675Z] >>> [apiv2][query] POST https://upload-firebasehosting.googleapis.com/upload/sites/daemonclient-c0625/versions/9f46222d98e5e4ae/files/853d4695484b72b56f1ddbc0010530f98ef610c591ce9c34dfa2d27e328836fd [none]
[debug] [2026-03-30T19:15:21.676Z] >>> [apiv2][body] POST https://upload-firebasehosting.googleapis.com/upload/sites/daemonclient-c0625/versions/9f46222d98e5e4ae/files/853d4695484b72b56f1ddbc0010530f98ef610c591ce9c34dfa2d27e328836fd [stream]
[debug] [2026-03-30T19:15:21.680Z] [hosting][populate queue][FINAL] {"max":961,"min":961,"avg":961,"active":0,"complete":1,"success":1,"errored":0,"retried":0,"total":1,"elapsed":973}
[debug] [2026-03-30T19:15:21.680Z] [hosting] uploads queued: 3
[debug] [2026-03-30T19:15:23.074Z] <<< [apiv2][status] POST https://upload-firebasehosting.googleapis.com/upload/sites/daemonclient-c0625/versions/9f46222d98e5e4ae/files/853d4695484b72b56f1ddbc0010530f98ef610c591ce9c34dfa2d27e328836fd 200
[debug] [2026-03-30T19:15:23.074Z] <<< [apiv2][body] POST https://upload-firebasehosting.googleapis.com/upload/sites/daemonclient-c0625/versions/9f46222d98e5e4ae/files/853d4695484b72b56f1ddbc0010530f98ef610c591ce9c34dfa2d27e328836fd [stream]
[debug] [2026-03-30T19:15:23.760Z] <<< [apiv2][status] POST https://upload-firebasehosting.googleapis.com/upload/sites/daemonclient-c0625/versions/9f46222d98e5e4ae/files/4a44651d2d867a21c2f283d9060413b3430c946841c078f6437682a8d6a7d254 200
[debug] [2026-03-30T19:15:23.761Z] <<< [apiv2][body] POST https://upload-firebasehosting.googleapis.com/upload/sites/daemonclient-c0625/versions/9f46222d98e5e4ae/files/4a44651d2d867a21c2f283d9060413b3430c946841c078f6437682a8d6a7d254 [stream]
[debug] [2026-03-30T19:15:23.777Z] <<< [apiv2][status] POST https://upload-firebasehosting.googleapis.com/upload/sites/daemonclient-c0625/versions/9f46222d98e5e4ae/files/d1e64ae164d2768e59244bfebcf39f452906981d74f81ce49474b7d9fe242ed4 200
[debug] [2026-03-30T19:15:23.778Z] <<< [apiv2][body] POST https://upload-firebasehosting.googleapis.com/upload/sites/daemonclient-c0625/versions/9f46222d98e5e4ae/files/d1e64ae164d2768e59244bfebcf39f452906981d74f81ce49474b7d9fe242ed4 [stream]
[debug] [2026-03-30T19:15:23.778Z] [hosting][upload queue][FINAL] {"max":2111,"min":1406,"avg":1870.6666666666667,"active":0,"complete":3,"success":3,"errored":0,"retried":0,"total":3,"elapsed":2112}
[info] ✔  hosting[daemonclient-c0625]: file upload complete 
[debug] [2026-03-30T19:15:23.780Z] [hosting] deploy completed after 3133ms
[info] i  hosting[daemonclient-app]: beginning deploy... 
[info] i  hosting[daemonclient-app]: found 9 files in frontend/dist 
[debug] [2026-03-30T19:15:23.789Z] [hosting] uploading with 200 concurrency
[debug] [2026-03-30T19:15:23.791Z] Checked if tokens are valid: true, expires at: 1774901284898
[debug] [2026-03-30T19:15:23.791Z] Checked if tokens are valid: true, expires at: 1774901284898
[debug] [2026-03-30T19:15:23.792Z] [hosting] hash cache [ZnJvbnRlbmQvZGlzdA] stored for 9 files
[debug] [2026-03-30T19:15:23.792Z] [hosting][hash queue][FINAL] {"max":1,"min":0,"avg":1,"active":0,"complete":9,"success":9,"errored":0,"retried":0,"total":9,"elapsed":2}
[debug] [2026-03-30T19:15:23.793Z] >>> [apiv2][query] POST https://firebasehosting.googleapis.com/v1beta1/projects/424457448611/sites/daemonclient-app/versions/7e1fae844122ef7c:populateFiles [none]
[debug] [2026-03-30T19:15:23.793Z] >>> [apiv2][body] POST https://firebasehosting.googleapis.com/v1beta1/projects/424457448611/sites/daemonclient-app/versions/7e1fae844122ef7c:populateFiles {"files":{"/sw.js":"19e4f4cd514d96dca9d39e7e9b3d9318db59e7f2672a00141cfae266881fc7ac","/sitemap.xml":"ef6af1982f19c2b1b458097232906c67090c1d11378a59b19cf5b8096a9d318d","/robots.txt":"a4a762a5f5a334a2bd077c5369a5fb3cc3b902b8444f36363d52fd245a45c649","/og-image.png":"433d296ef4160cb39efa7d5695a6e4d8b908282f2acfda4d21990caecc1e4feb","/logo.png":"9294f0895b099752c3dd4c29b485e77dd1572d200252b418f61035f0cee3afc6","/index.html":"4a44651d2d867a21c2f283d9060413b3430c946841c078f6437682a8d6a7d254","/favicon.ico":"9294f0895b099752c3dd4c29b485e77dd1572d200252b418f61035f0cee3afc6","/assets/index-CUuO6gw6.css":"853d4695484b72b56f1ddbc0010530f98ef610c591ce9c34dfa2d27e328836fd","/assets/index-5Hu47N8Y.js":"d1e64ae164d2768e59244bfebcf39f452906981d74f81ce49474b7d9fe242ed4"}}
[debug] [2026-03-30T19:15:25.131Z] <<< [apiv2][status] POST https://firebasehosting.googleapis.com/v1beta1/projects/424457448611/sites/daemonclient-app/versions/7e1fae844122ef7c:populateFiles 200
[debug] [2026-03-30T19:15:25.131Z] <<< [apiv2][body] POST https://firebasehosting.googleapis.com/v1beta1/projects/424457448611/sites/daemonclient-app/versions/7e1fae844122ef7c:populateFiles {"uploadRequiredHashes":["4a44651d2d867a21c2f283d9060413b3430c946841c078f6437682a8d6a7d254","853d4695484b72b56f1ddbc0010530f98ef610c591ce9c34dfa2d27e328836fd","d1e64ae164d2768e59244bfebcf39f452906981d74f81ce49474b7d9fe242ed4"],"uploadUrl":"https://upload-firebasehosting.googleapis.com/upload/sites/daemonclient-app/versions/7e1fae844122ef7c/files"}
[debug] [2026-03-30T19:15:25.133Z] Checked if tokens are valid: true, expires at: 1774901284898
[debug] [2026-03-30T19:15:25.133Z] Checked if tokens are valid: true, expires at: 1774901284898
[debug] [2026-03-30T19:15:25.133Z] Checked if tokens are valid: true, expires at: 1774901284898
[debug] [2026-03-30T19:15:25.133Z] Checked if tokens are valid: true, expires at: 1774901284898
[debug] [2026-03-30T19:15:25.134Z] Checked if tokens are valid: true, expires at: 1774901284898
[debug] [2026-03-30T19:15:25.134Z] Checked if tokens are valid: true, expires at: 1774901284898
[debug] [2026-03-30T19:15:25.134Z] >>> [apiv2][query] POST https://upload-firebasehosting.googleapis.com/upload/sites/daemonclient-app/versions/7e1fae844122ef7c/files/4a44651d2d867a21c2f283d9060413b3430c946841c078f6437682a8d6a7d254 [none]
[debug] [2026-03-30T19:15:25.134Z] >>> [apiv2][body] POST https://upload-firebasehosting.googleapis.com/upload/sites/daemonclient-app/versions/7e1fae844122ef7c/files/4a44651d2d867a21c2f283d9060413b3430c946841c078f6437682a8d6a7d254 [stream]
[debug] [2026-03-30T19:15:25.135Z] >>> [apiv2][query] POST https://upload-firebasehosting.googleapis.com/upload/sites/daemonclient-app/versions/7e1fae844122ef7c/files/853d4695484b72b56f1ddbc0010530f98ef610c591ce9c34dfa2d27e328836fd [none]
[debug] [2026-03-30T19:15:25.135Z] >>> [apiv2][body] POST https://upload-firebasehosting.googleapis.com/upload/sites/daemonclient-app/versions/7e1fae844122ef7c/files/853d4695484b72b56f1ddbc0010530f98ef610c591ce9c34dfa2d27e328836fd [stream]
[debug] [2026-03-30T19:15:25.136Z] >>> [apiv2][query] POST https://upload-firebasehosting.googleapis.com/upload/sites/daemonclient-app/versions/7e1fae844122ef7c/files/d1e64ae164d2768e59244bfebcf39f452906981d74f81ce49474b7d9fe242ed4 [none]
[debug] [2026-03-30T19:15:25.136Z] >>> [apiv2][body] POST https://upload-firebasehosting.googleapis.com/upload/sites/daemonclient-app/versions/7e1fae844122ef7c/files/d1e64ae164d2768e59244bfebcf39f452906981d74f81ce49474b7d9fe242ed4 [stream]
[debug] [2026-03-30T19:15:25.137Z] [hosting][populate queue][FINAL] {"max":1343,"min":1343,"avg":1343,"active":0,"complete":1,"success":1,"errored":0,"retried":0,"total":1,"elapsed":1346}
[debug] [2026-03-30T19:15:25.137Z] [hosting] uploads queued: 3
[debug] [2026-03-30T19:15:26.038Z] <<< [apiv2][status] POST https://upload-firebasehosting.googleapis.com/upload/sites/daemonclient-app/versions/7e1fae844122ef7c/files/4a44651d2d867a21c2f283d9060413b3430c946841c078f6437682a8d6a7d254 200
[debug] [2026-03-30T19:15:26.038Z] <<< [apiv2][body] POST https://upload-firebasehosting.googleapis.com/upload/sites/daemonclient-app/versions/7e1fae844122ef7c/files/4a44651d2d867a21c2f283d9060413b3430c946841c078f6437682a8d6a7d254 [stream]
[debug] [2026-03-30T19:15:26.063Z] <<< [apiv2][status] POST https://upload-firebasehosting.googleapis.com/upload/sites/daemonclient-app/versions/7e1fae844122ef7c/files/853d4695484b72b56f1ddbc0010530f98ef610c591ce9c34dfa2d27e328836fd 200
[debug] [2026-03-30T19:15:26.063Z] <<< [apiv2][body] POST https://upload-firebasehosting.googleapis.com/upload/sites/daemonclient-app/versions/7e1fae844122ef7c/files/853d4695484b72b56f1ddbc0010530f98ef610c591ce9c34dfa2d27e328836fd [stream]
[debug] [2026-03-30T19:15:26.403Z] <<< [apiv2][status] POST https://upload-firebasehosting.googleapis.com/upload/sites/daemonclient-app/versions/7e1fae844122ef7c/files/d1e64ae164d2768e59244bfebcf39f452906981d74f81ce49474b7d9fe242ed4 200
[debug] [2026-03-30T19:15:26.404Z] <<< [apiv2][body] POST https://upload-firebasehosting.googleapis.com/upload/sites/daemonclient-app/versions/7e1fae844122ef7c/files/d1e64ae164d2768e59244bfebcf39f452906981d74f81ce49474b7d9fe242ed4 [stream]
[debug] [2026-03-30T19:15:26.404Z] [hosting][upload queue][FINAL] {"max":1271,"min":906,"avg":1035.6666666666667,"active":0,"complete":3,"success":3,"errored":0,"retried":0,"total":3,"elapsed":1272}
[info] ✔  hosting[daemonclient-app]: file upload complete 
[debug] [2026-03-30T19:15:26.404Z] [hosting] deploy completed after 2623ms
[debug] [2026-03-30T19:15:26.404Z] [
  {
    "config": {
      "target": "main",
      "public": "frontend/dist",
      "ignore": [
        "firebase.json",
        "**/.*",
        "**/node_modules/**"
      ],
      "rewrites": [
        {
          "source": "**",
          "destination": "/index.html"
        }
      ],
      "headers": [
        {
          "source": "/sw.js",
          "headers": [
            {
              "key": "Cache-Control",
              "value": "no-cache, no-store, must-revalidate"
            }
          ]
        },
        {
          "source": "/index.html",
          "headers": [
            {
              "key": "Cache-Control",
              "value": "no-cache, no-store, must-revalidate"
            }
          ]
        }
      ],
      "site": "daemonclient-c0625"
    },
    "version": "projects/424457448611/sites/daemonclient-c0625/versions/9f46222d98e5e4ae"
  },
  {
    "config": {
      "target": "app",
      "public": "frontend/dist",
      "ignore": [
        "firebase.json",
        "**/.*",
        "**/node_modules/**"
      ],
      "rewrites": [
        {
          "source": "**",
          "destination": "/index.html"
        }
      ],
      "headers": [
        {
          "source": "/sw.js",
          "headers": [
            {
              "key": "Cache-Control",
              "value": "no-cache, no-store, must-revalidate"
            }
          ]
        },
        {
          "source": "/index.html",
          "headers": [
            {
              "key": "Cache-Control",
              "value": "no-cache, no-store, must-revalidate"
            }
          ]
        }
      ],
      "site": "daemonclient-app"
    },
    "version": "projects/424457448611/sites/daemonclient-app/versions/7e1fae844122ef7c"
  }
]
[info] i  hosting[daemonclient-c0625]: finalizing version... 
[info] i  hosting[daemonclient-app]: finalizing version... 
[debug] [2026-03-30T19:15:26.405Z] Checked if tokens are valid: true, expires at: 1774901284898
[debug] [2026-03-30T19:15:26.406Z] Checked if tokens are valid: true, expires at: 1774901284898
[debug] [2026-03-30T19:15:26.406Z] Checked if tokens are valid: true, expires at: 1774901284898
[debug] [2026-03-30T19:15:26.406Z] Checked if tokens are valid: true, expires at: 1774901284898
[debug] [2026-03-30T19:15:26.406Z] >>> [apiv2][query] PATCH https://firebasehosting.googleapis.com/v1beta1/projects/-/sites/daemonclient-c0625/versions/9f46222d98e5e4ae updateMask=status%2Cconfig
[debug] [2026-03-30T19:15:26.406Z] >>> [apiv2][body] PATCH https://firebasehosting.googleapis.com/v1beta1/projects/-/sites/daemonclient-c0625/versions/9f46222d98e5e4ae {"status":"FINALIZED","config":{"rewrites":[{"glob":"**","path":"/index.html"}],"headers":[{"glob":"/sw.js","headers":{"Cache-Control":"no-cache, no-store, must-revalidate"}},{"glob":"/index.html","headers":{"Cache-Control":"no-cache, no-store, must-revalidate"}}]}}
[debug] [2026-03-30T19:15:26.406Z] >>> [apiv2][query] PATCH https://firebasehosting.googleapis.com/v1beta1/projects/-/sites/daemonclient-app/versions/7e1fae844122ef7c updateMask=status%2Cconfig
[debug] [2026-03-30T19:15:26.406Z] >>> [apiv2][body] PATCH https://firebasehosting.googleapis.com/v1beta1/projects/-/sites/daemonclient-app/versions/7e1fae844122ef7c {"status":"FINALIZED","config":{"rewrites":[{"glob":"**","path":"/index.html"}],"headers":[{"glob":"/sw.js","headers":{"Cache-Control":"no-cache, no-store, must-revalidate"}},{"glob":"/index.html","headers":{"Cache-Control":"no-cache, no-store, must-revalidate"}}]}}
[debug] [2026-03-30T19:15:27.720Z] <<< [apiv2][status] PATCH https://firebasehosting.googleapis.com/v1beta1/projects/-/sites/daemonclient-c0625/versions/9f46222d98e5e4ae 200
[debug] [2026-03-30T19:15:27.720Z] <<< [apiv2][body] PATCH https://firebasehosting.googleapis.com/v1beta1/projects/-/sites/daemonclient-c0625/versions/9f46222d98e5e4ae {"name":"projects/424457448611/sites/daemonclient-c0625/versions/9f46222d98e5e4ae","status":"FINALIZED","config":{"headers":[{"headers":{"Cache-Control":"no-cache, no-store, must-revalidate"},"glob":"/sw.js"},{"headers":{"Cache-Control":"no-cache, no-store, must-revalidate"},"glob":"/index.html"}],"rewrites":[{"glob":"**","path":"/index.html"}]},"labels":{"deployment-tool":"cli-firebase"},"createTime":"2026-03-30T19:15:19.650365Z","createUser":{"email":"sadrikov49@gmail.com"},"finalizeTime":"2026-03-30T19:15:27.531307Z","finalizeUser":{"email":"sadrikov49@gmail.com"}}
[debug] [2026-03-30T19:15:27.721Z] [hosting] finalized version for daemonclient-c0625:[object Object]
[info] ✔  hosting[daemonclient-c0625]: version finalized 
[info] i  hosting[daemonclient-c0625]: releasing new version... 
[debug] [2026-03-30T19:15:27.721Z] Checked if tokens are valid: true, expires at: 1774901284898
[debug] [2026-03-30T19:15:27.721Z] Checked if tokens are valid: true, expires at: 1774901284898
[debug] [2026-03-30T19:15:27.722Z] >>> [apiv2][query] POST https://firebasehosting.googleapis.com/v1beta1/projects/-/sites/daemonclient-c0625/channels/live/releases versionName=projects%2F424457448611%2Fsites%2Fdaemonclient-c0625%2Fversions%2F9f46222d98e5e4ae
[debug] [2026-03-30T19:15:27.722Z] >>> [apiv2][body] POST https://firebasehosting.googleapis.com/v1beta1/projects/-/sites/daemonclient-c0625/channels/live/releases {}
[debug] [2026-03-30T19:15:28.103Z] <<< [apiv2][status] PATCH https://firebasehosting.googleapis.com/v1beta1/projects/-/sites/daemonclient-app/versions/7e1fae844122ef7c 200
[debug] [2026-03-30T19:15:28.103Z] <<< [apiv2][body] PATCH https://firebasehosting.googleapis.com/v1beta1/projects/-/sites/daemonclient-app/versions/7e1fae844122ef7c {"name":"projects/424457448611/sites/daemonclient-app/versions/7e1fae844122ef7c","status":"FINALIZED","config":{"headers":[{"headers":{"Cache-Control":"no-cache, no-store, must-revalidate"},"glob":"/sw.js"},{"headers":{"Cache-Control":"no-cache, no-store, must-revalidate"},"glob":"/index.html"}],"rewrites":[{"glob":"**","path":"/index.html"}]},"labels":{"deployment-tool":"cli-firebase"},"createTime":"2026-03-30T19:15:19.649710Z","createUser":{"email":"sadrikov49@gmail.com"},"finalizeTime":"2026-03-30T19:15:27.959883Z","finalizeUser":{"email":"sadrikov49@gmail.com"}}
[debug] [2026-03-30T19:15:28.103Z] [hosting] finalized version for daemonclient-app:[object Object]
[info] ✔  hosting[daemonclient-app]: version finalized 
[info] i  hosting[daemonclient-app]: releasing new version... 
[debug] [2026-03-30T19:15:28.103Z] Checked if tokens are valid: true, expires at: 1774901284898
[debug] [2026-03-30T19:15:28.103Z] Checked if tokens are valid: true, expires at: 1774901284898
[debug] [2026-03-30T19:15:28.104Z] >>> [apiv2][query] POST https://firebasehosting.googleapis.com/v1beta1/projects/-/sites/daemonclient-app/channels/live/releases versionName=projects%2F424457448611%2Fsites%2Fdaemonclient-app%2Fversions%2F7e1fae844122ef7c
[debug] [2026-03-30T19:15:28.104Z] >>> [apiv2][body] POST https://firebasehosting.googleapis.com/v1beta1/projects/-/sites/daemonclient-app/channels/live/releases {}
[debug] [2026-03-30T19:15:29.778Z] <<< [apiv2][status] POST https://firebasehosting.googleapis.com/v1beta1/projects/-/sites/daemonclient-c0625/channels/live/releases 200
[debug] [2026-03-30T19:15:29.779Z] <<< [apiv2][body] POST https://firebasehosting.googleapis.com/v1beta1/projects/-/sites/daemonclient-c0625/channels/live/releases {"name":"projects/424457448611/sites/daemonclient-c0625/channels/live/releases/1774898128663000","version":{"name":"projects/424457448611/sites/daemonclient-c0625/versions/9f46222d98e5e4ae","status":"FINALIZED","config":{"headers":[{"headers":{"Cache-Control":"no-cache, no-store, must-revalidate"},"glob":"/sw.js"},{"headers":{"Cache-Control":"no-cache, no-store, must-revalidate"},"glob":"/index.html"}],"rewrites":[{"glob":"**","path":"/index.html"}]},"labels":{"deployment-tool":"cli-firebase"},"createTime":"2026-03-30T19:15:19.650365Z","createUser":{"email":"sadrikov49@gmail.com","imageUrl":"https://lh3.googleusercontent.com/a/ACg8ocJJOPA8nz4qbTx8vqfQh1KMvHaI2wCIhhBJ-ZttATfxklPLxxA"},"finalizeTime":"2026-03-30T19:15:27.531307Z","finalizeUser":{"email":"sadrikov49@gmail.com","imageUrl":"https://lh3.googleusercontent.com/a/ACg8ocJJOPA8nz4qbTx8vqfQh1KMvHaI2wCIhhBJ-ZttATfxklPLxxA"}},"type":"DEPLOY","releaseTime":"2026-03-30T19:15:28.663Z","releaseUser":{"email":"sadrikov49@gmail.com","imageUrl":"https://lh3.googleusercontent.com/a/ACg8ocJJOPA8nz4qbTx8vqfQh1KMvHaI2wCIhhBJ-ZttATfxklPLxxA"}}
[debug] [2026-03-30T19:15:29.779Z] [hosting] release: {"name":"projects/424457448611/sites/daemonclient-c0625/channels/live/releases/1774898128663000","version":{"name":"projects/424457448611/sites/daemonclient-c0625/versions/9f46222d98e5e4ae","status":"FINALIZED","config":{"headers":[{"headers":{"Cache-Control":"no-cache, no-store, must-revalidate"},"glob":"/sw.js"},{"headers":{"Cache-Control":"no-cache, no-store, must-revalidate"},"glob":"/index.html"}],"rewrites":[{"glob":"**","path":"/index.html"}]},"labels":{"deployment-tool":"cli-firebase"},"createTime":"2026-03-30T19:15:19.650365Z","createUser":{"email":"sadrikov49@gmail.com","imageUrl":"https://lh3.googleusercontent.com/a/ACg8ocJJOPA8nz4qbTx8vqfQh1KMvHaI2wCIhhBJ-ZttATfxklPLxxA"},"finalizeTime":"2026-03-30T19:15:27.531307Z","finalizeUser":{"email":"sadrikov49@gmail.com","imageUrl":"https://lh3.googleusercontent.com/a/ACg8ocJJOPA8nz4qbTx8vqfQh1KMvHaI2wCIhhBJ-ZttATfxklPLxxA"}},"type":"DEPLOY","releaseTime":"2026-03-30T19:15:28.663Z","releaseUser":{"email":"sadrikov49@gmail.com","imageUrl":"https://lh3.googleusercontent.com/a/ACg8ocJJOPA8nz4qbTx8vqfQh1KMvHaI2wCIhhBJ-ZttATfxklPLxxA"}}
[info] ✔  hosting[daemonclient-c0625]: release complete 
[debug] [2026-03-30T19:15:29.996Z] <<< [apiv2][status] POST https://firebasehosting.googleapis.com/v1beta1/projects/-/sites/daemonclient-app/channels/live/releases 200
[debug] [2026-03-30T19:15:29.996Z] <<< [apiv2][body] POST https://firebasehosting.googleapis.com/v1beta1/projects/-/sites/daemonclient-app/channels/live/releases {"name":"projects/424457448611/sites/daemonclient-app/channels/live/releases/1774898128888000","version":{"name":"projects/424457448611/sites/daemonclient-app/versions/7e1fae844122ef7c","status":"FINALIZED","config":{"headers":[{"headers":{"Cache-Control":"no-cache, no-store, must-revalidate"},"glob":"/sw.js"},{"headers":{"Cache-Control":"no-cache, no-store, must-revalidate"},"glob":"/index.html"}],"rewrites":[{"glob":"**","path":"/index.html"}]},"labels":{"deployment-tool":"cli-firebase"},"createTime":"2026-03-30T19:15:19.649710Z","createUser":{"email":"sadrikov49@gmail.com","imageUrl":"https://lh3.googleusercontent.com/a/ACg8ocJJOPA8nz4qbTx8vqfQh1KMvHaI2wCIhhBJ-ZttATfxklPLxxA"},"finalizeTime":"2026-03-30T19:15:27.959883Z","finalizeUser":{"email":"sadrikov49@gmail.com","imageUrl":"https://lh3.googleusercontent.com/a/ACg8ocJJOPA8nz4qbTx8vqfQh1KMvHaI2wCIhhBJ-ZttATfxklPLxxA"}},"type":"DEPLOY","releaseTime":"2026-03-30T19:15:28.888Z","releaseUser":{"email":"sadrikov49@gmail.com","imageUrl":"https://lh3.googleusercontent.com/a/ACg8ocJJOPA8nz4qbTx8vqfQh1KMvHaI2wCIhhBJ-ZttATfxklPLxxA"}}
[debug] [2026-03-30T19:15:29.996Z] [hosting] release: {"name":"projects/424457448611/sites/daemonclient-app/channels/live/releases/1774898128888000","version":{"name":"projects/424457448611/sites/daemonclient-app/versions/7e1fae844122ef7c","status":"FINALIZED","config":{"headers":[{"headers":{"Cache-Control":"no-cache, no-store, must-revalidate"},"glob":"/sw.js"},{"headers":{"Cache-Control":"no-cache, no-store, must-revalidate"},"glob":"/index.html"}],"rewrites":[{"glob":"**","path":"/index.html"}]},"labels":{"deployment-tool":"cli-firebase"},"createTime":"2026-03-30T19:15:19.649710Z","createUser":{"email":"sadrikov49@gmail.com","imageUrl":"https://lh3.googleusercontent.com/a/ACg8ocJJOPA8nz4qbTx8vqfQh1KMvHaI2wCIhhBJ-ZttATfxklPLxxA"},"finalizeTime":"2026-03-30T19:15:27.959883Z","finalizeUser":{"email":"sadrikov49@gmail.com","imageUrl":"https://lh3.googleusercontent.com/a/ACg8ocJJOPA8nz4qbTx8vqfQh1KMvHaI2wCIhhBJ-ZttATfxklPLxxA"}},"type":"DEPLOY","releaseTime":"2026-03-30T19:15:28.888Z","releaseUser":{"email":"sadrikov49@gmail.com","imageUrl":"https://lh3.googleusercontent.com/a/ACg8ocJJOPA8nz4qbTx8vqfQh1KMvHaI2wCIhhBJ-ZttATfxklPLxxA"}}
[info] ✔  hosting[daemonclient-app]: release complete 
[info] 
[info] ✔  Deploy complete! 
[info] 
[info] Project Console: https://console.firebase.google.com/project/daemonclient-c0625/overview
[info] Hosting URL: https://daemonclient-c0625.web.app
[info] Hosting URL: https://daemonclient-app.web.app
